0 info it worked if it ends with ok
1 verbose cli [
1 verbose cli   'C:\\Program Files\\nodejs\\node.exe',
1 verbose cli   'C:\\Program Files\\nodejs\\node_modules\\npm\\bin\\npm-cli.js',
1 verbose cli   'start',
1 verbose cli   '--cache',
1 verbose cli   '--resey'
1 verbose cli ]
2 info using npm@6.14.11
3 info using node@v14.16.0
4 verbose run-script [ 'prestart', 'start', 'poststart' ]
5 info lifecycle Agarr@0.0.1~prestart: Agarr@0.0.1
6 info lifecycle Agarr@0.0.1~start: Agarr@0.0.1
7 verbose lifecycle Agarr@0.0.1~start: unsafe-perm in lifecycle true
8 verbose lifecycle Agarr@0.0.1~start: PATH: C:\Program Files\nodejs\node_modules\npm\node_modules\npm-lifecycle\node-gyp-bin;C:\Users\TURAN\Desktop\Proje\Agarr\node_modules\.bin;;C:\Python27\;C:\Python27\Scripts;C:\ProgramData\Oracle\Java\javapath;C:\Program Files (x86)\Common Files\Oracle\Java\javapath;C:\Windows\system32;C:\Windows;C:\Windows\System32\Wbem;C:\Windows\System32\WindowsPowerShell\v1.0\;C:\Windows\System32\OpenSSH\;C:\Program Files (x86)\NVIDIA Corporation\PhysX\Common;C:\Program Files\NVIDIA Corporation\NVIDIA NvDLISR;D:\Program Files\Polyspace\R2020a\runtime\win64;D:\Program Files\Polyspace\R2020a\bin;D:\Program Files\Polyspace\R2020a\polyspace\bin;D:\MATRIKS;D:\MATRIKS\System32\;C:\ProgramData\chocolatey\bin;C:\Program Files\OpenJDK\openjdk-8u262-b10\bin;C:\Program Files\dotnet\;C:\WINDOWS\system32;C:\WINDOWS;C:\WINDOWS\System32\Wbem;C:\WINDOWS\System32\WindowsPowerShell\v1.0\;C:\WINDOWS\System32\OpenSSH\;C:\Users\TURAN\AppData\Local\Android\SdkTools;C:\Users\TURAN\AppData\Local\Android\Sdkplatform-tools;C:\Program Files\nodejs\;C:\Users\TURAN\AppData\Local\Microsoft\WindowsApps;C:\Users\TURAN\AppData\Roaming\npm;C:\Users\TURAN\.dotnet\tools;C:\Program Files\JetBrains\WebStorm 2020\bin;D:\Users\TURAN\AppData\Local\Programs\Microsoft VS Code\bin
9 verbose lifecycle Agarr@0.0.1~start: CWD: C:\Users\TURAN\Desktop\Proje\Agarr
10 silly lifecycle Agarr@0.0.1~start: Args: [ '/d /s /c', 'react-native start' ]
11 silly lifecycle Agarr@0.0.1~start: Returned: code: 7  signal: null
12 info lifecycle Agarr@0.0.1~start: Failed to exec start script
13 verbose stack Error: Agarr@0.0.1 start: `react-native start`
13 verbose stack Exit status 7
13 verbose stack     at EventEmitter.<anonymous> (C:\Program Files\nodejs\node_modules\npm\node_modules\npm-lifecycle\index.js:332:16)
13 verbose stack     at EventEmitter.emit (events.js:315:20)
13 verbose stack     at ChildProcess.<anonymous> (C:\Program Files\nodejs\node_modules\npm\node_modules\npm-lifecycle\lib\spawn.js:55:14)
13 verbose stack     at ChildProcess.emit (events.js:315:20)
13 verbose stack     at maybeClose (internal/child_process.js:1048:16)
13 verbose stack     at Process.ChildProcess._handle.onexit (internal/child_process.js:288:5)
14 verbose pkgid Agarr@0.0.1
15 verbose cwd C:\Users\TURAN\Desktop\Proje\Agarr
16 verbose Windows_NT 10.0.19043
17 verbose argv "C:\\Program Files\\nodejs\\node.exe" "C:\\Program Files\\nodejs\\node_modules\\npm\\bin\\npm-cli.js" "start" "--cache" "--resey"
18 verbose node v14.16.0
19 verbose npm  v6.14.11
20 error code ELIFECYCLE
21 error errno 7
22 error Agarr@0.0.1 start: `react-native start`
22 error Exit status 7
23 error Failed at the Agarr@0.0.1 start script.
23 error This is probably not a problem with npm. There is likely additional logging output above.
24 verbose exit [ 7, true ]
